16-Feb-2024 14:28:37.042 INFO [main] org.apache.catalina.startup.VersionLoggerListener.log Server version name:   Apache Tomcat/9.0.82
16-Feb-2024 14:28:37.046 INFO [main] org.apache.catalina.startup.VersionLoggerListener.log Server built:          Oct 11 2023 13:15:08 UTC
16-Feb-2024 14:28:37.046 INFO [main] org.apache.catalina.startup.VersionLoggerListener.log Server version number: 9.0.82.0
16-Feb-2024 14:28:37.046 INFO [main] org.apache.catalina.startup.VersionLoggerListener.log OS Name:               Windows 11
16-Feb-2024 14:28:37.047 INFO [main] org.apache.catalina.startup.VersionLoggerListener.log OS Version:            10.0
16-Feb-2024 14:28:37.047 INFO [main] org.apache.catalina.startup.VersionLoggerListener.log Architecture:          amd64
16-Feb-2024 14:28:37.047 INFO [main] org.apache.catalina.startup.VersionLoggerListener.log Java Home:             C:\Users\vigne\.jdks\openjdk-21.0.2
16-Feb-2024 14:28:37.047 INFO [main] org.apache.catalina.startup.VersionLoggerListener.log JVM Version:           21.0.2+13-58
16-Feb-2024 14:28:37.047 INFO [main] org.apache.catalina.startup.VersionLoggerListener.log JVM Vendor:            Oracle Corporation
16-Feb-2024 14:28:37.047 INFO [main] org.apache.catalina.startup.VersionLoggerListener.log CATALINA_BASE:         C:\Users\vigne\Documents\Javaproject\batch33-springmvc
16-Feb-2024 14:28:37.048 INFO [main] org.apache.catalina.startup.VersionLoggerListener.log CATALINA_HOME:         C:\Users\vigne\Downloads\apache-tomcat-9.0.85\apache-tomcat-9.0.85\apache-tomcat-9.0.82
16-Feb-2024 14:28:37.057 INFO [main] org.apache.catalina.startup.VersionLoggerListener.log Command line argument: --add-opens=java.base/java.lang=ALL-UNNAMED
16-Feb-2024 14:28:37.057 INFO [main] org.apache.catalina.startup.VersionLoggerListener.log Command line argument: --add-opens=java.base/java.io=ALL-UNNAMED
16-Feb-2024 14:28:37.057 INFO [main] org.apache.catalina.startup.VersionLoggerListener.log Command line argument: --add-opens=java.base/java.util=ALL-UNNAMED
16-Feb-2024 14:28:37.057 INFO [main] org.apache.catalina.startup.VersionLoggerListener.log Command line argument: --add-opens=java.base/java.util.concurrent=ALL-UNNAMED
16-Feb-2024 14:28:37.057 INFO [main] org.apache.catalina.startup.VersionLoggerListener.log Command line argument: --add-opens=java.rmi/sun.rmi.transport=ALL-UNNAMED
16-Feb-2024 14:28:37.057 INFO [main] org.apache.catalina.startup.VersionLoggerListener.log Command line argument: -Dcatalina.home=C:\Users\vigne\Downloads\apache-tomcat-9.0.85\apache-tomcat-9.0.85\apache-tomcat-9.0.82
16-Feb-2024 14:28:37.058 INFO [main] org.apache.catalina.startup.VersionLoggerListener.log Command line argument: -Dcatalina.base=C:\Users\vigne\Documents\Javaproject\batch33-springmvc
16-Feb-2024 14:28:37.058 INFO [main] org.apache.catalina.startup.VersionLoggerListener.log Command line argument: -Djava.io.tmpdir=C:\Users\vigne\Documents\Javaproject\batch33-springmvc\temp
16-Feb-2024 14:28:37.058 INFO [main] org.apache.catalina.startup.VersionLoggerListener.log Command line argument: -Djava.util.logging.config.file=C:\Users\vigne\Documents\Javaproject\batch33-springmvc\conf\logging.properties
16-Feb-2024 14:28:37.058 INFO [main] org.apache.catalina.startup.VersionLoggerListener.log Command line argument: -Djava.util.logging.manager=org.apache.juli.ClassLoaderLogManager
16-Feb-2024 14:28:37.058 INFO [main] org.apache.catalina.startup.VersionLoggerListener.log Command line argument: -javaagent:C:\Program Files\JetBrains\IntelliJ IDEA Community Edition 2023.3.2\lib\idea_rt.jar=54926:C:\Program Files\JetBrains\IntelliJ IDEA Community Edition 2023.3.2\bin
16-Feb-2024 14:28:37.058 INFO [main] org.apache.catalina.startup.VersionLoggerListener.log Command line argument: -Dfile.encoding=UTF-8
16-Feb-2024 14:28:37.058 INFO [main] org.apache.catalina.startup.VersionLoggerListener.log Command line argument: -Dsun.stdout.encoding=UTF-8
16-Feb-2024 14:28:37.058 INFO [main] org.apache.catalina.startup.VersionLoggerListener.log Command line argument: -Dsun.stderr.encoding=UTF-8
16-Feb-2024 14:28:37.068 INFO [main] org.apache.catalina.core.AprLifecycleListener.lifecycleEvent The Apache Tomcat Native library which allows using OpenSSL was not found on the java.library.path: [C:\Users\vigne\.jdks\openjdk-21.0.2\bin;C:\WINDOWS\Sun\Java\bin;C:\WINDOWS\system32;C:\WINDOWS;C:\Program Files\Common Files\Oracle\Java\javapath;C:\Program Files (x86)\Common Files\Oracle\Java\javapath;C:\Program Files (x86)\Microsoft SDKs\Azure\CLI2\wbin;C:\WINDOWS\system32;C:\WINDOWS;C:\WINDOWS\System32\Wbem;C:\WINDOWS\System32\WindowsPowerShell\v1.0\;C:\WINDOWS\System32\OpenSSH\;C:\Program Files\Java\jdk-16.0.2\bin;C:\Program Files\PuTTY\;am Files\Microsoft SQL Server\Client SDK\ODBC\170\Tools\Binn\;C:\Program Files\MongoDB\Server\5.0\bin;C:\Users\vigne\Downloads\mongodb-database-tools-windows-x86_64-100.5.2.zip\mongodb-database-tools-windows-x86_64-100.5.2\bin;C:\Program Files\dotnet\;C:\Program Files\Microsoft SQL Server\Client SDK\ODBC\170\Tools\Binn\;C:\WINDOWS\system32;C:\WINDOWS;C:\WINDOWS\System32\Wbem;C:\WINDOWS\System32\WindowsPowerShell\v1.0\;C:\WINDOWS\System32\OpenSSH\;C:\Program Files\Amazon\AWSCLIV2\;C:\Program Files\Git\cmd;C:\Users\vigne\Downloads\apache-maven-3.9.6\bin;C:\Program Files\Java\jdk-17\bin;C:\Users\vigne\AppData\Local\Programs\Python\Python311\Scripts\;C:\Users\vigne\AppData\Local\Programs\Python\Python311\;C:\Users\vigne\AppData\Local\Microsoft\WindowsApps;C:\Users\vigne\AppData\Local\JetBrains\IntelliJ IDEA Community Edition 2021.2.1\bin;;C:\Users\vigne\AppData\Local\Programs\mongosh\;C:\Program Files\MongoDB\Server\5.0;C:\Users\vigne\AppData\Local\Programs\Microsoft VS Code\bin;C:\Users\vigne\.dotnet\tools;C:\ProgramData\chocoportable\bin;C:\Program Files\Java\jdk-17\bin;%;;.]
16-Feb-2024 14:28:37.593 INFO [main] org.apache.coyote.AbstractProtocol.init Initializing ProtocolHandler ["http-nio-8080"]
16-Feb-2024 14:28:37.623 INFO [main] org.apache.catalina.startup.Catalina.load Server initialization in [855] milliseconds
16-Feb-2024 14:28:37.721 INFO [main] org.apache.catalina.core.StandardService.startInternal Starting service [Catalina]
16-Feb-2024 14:28:37.721 INFO [main] org.apache.catalina.core.StandardEngine.startInternal Starting Servlet engine: [Apache Tomcat/9.0.82]
16-Feb-2024 14:28:37.740 INFO [main] org.apache.catalina.startup.HostConfig.deployDescriptor Deploying deployment descriptor [C:\Users\vigne\Documents\Javaproject\batch33-springmvc\conf\Catalina\localhost\springmvc.xml]
16-Feb-2024 14:28:39.804 INFO [main] org.apache.jasper.servlet.TldScanner.scanJars At least one JAR was scanned for TLDs yet contained no TLDs. Enable debug logging for this logger for a complete list of JARs that were scanned but no TLDs were found in them. Skipping unneeded JARs during scanning can improve startup time and JSP compilation time.
16-Feb-2024 14:28:40.282 INFO [main] org.springframework.web.servlet.DispatcherServlet.initServletBean FrameworkServlet 'spring': initialization started
16-Feb-2024 14:28:40.334 INFO [main] org.springframework.web.context.support.XmlWebApplicationContext.prepareRefresh Refreshing WebApplicationContext for namespace 'spring-servlet': startup date [Fri Feb 16 14:28:40 CST 2024]; root of context hierarchy
16-Feb-2024 14:28:40.419 INFO [main] org.springframework.beans.factory.xml.XmlBeanDefinitionReader.loadBeanDefinitions Loading XML bean definitions from ServletContext resource [/WEB-INF/spring-servlet.xml]
16-Feb-2024 14:28:41.846 INFO [main] org.springframework.web.servlet.mvc.method.annotation.RequestMappingHandlerMapping.register Mapped "{[/bmi],methods=[POST]}" onto public java.lang.String com.java.cis.BMIController.result(double,double,org.springframework.ui.Model)
16-Feb-2024 14:28:41.848 INFO [main] org.springframework.web.servlet.mvc.method.annotation.RequestMappingHandlerMapping.register Mapped "{[/],methods=[GET]}" onto public java.lang.String com.java.cis.BMIController.input(java.util.Locale,org.springframework.ui.Model)
16-Feb-2024 14:28:41.853 INFO [main] org.springframework.web.servlet.mvc.method.annotation.RequestMappingHandlerMapping.register Mapped "{[/bmirest],methods=[GET || POST]}" onto public java.lang.String com.java.cis.BMIRestController.calculateBMI(double,double)
16-Feb-2024 14:28:41.855 INFO [main] org.springframework.web.servlet.mvc.method.annotation.RequestMappingHandlerMapping.register Mapped "{[/Login],methods=[GET]}" onto public java.lang.String com.java.cis.HomeController.home(java.util.Locale,org.springframework.ui.Model)
16-Feb-2024 14:28:41.856 INFO [main] org.springframework.web.servlet.mvc.method.annotation.RequestMappingHandlerMapping.register Mapped "{[/user],methods=[POST]}" onto public java.lang.String com.java.cis.HomeController.user(com.java.cis.User,org.springframework.ui.Model)
16-Feb-2024 14:28:41.992 INFO [main] org.springframework.web.servlet.mvc.method.annotation.RequestMappingHandlerAdapter.initControllerAdviceCache Looking for @ControllerAdvice: WebApplicationContext for namespace 'spring-servlet': startup date [Fri Feb 16 14:28:40 CST 2024]; root of context hierarchy
16-Feb-2024 14:28:42.130 INFO [main] org.springframework.web.servlet.mvc.method.annotation.RequestMappingHandlerAdapter.initControllerAdviceCache Looking for @ControllerAdvice: WebApplicationContext for namespace 'spring-servlet': startup date [Fri Feb 16 14:28:40 CST 2024]; root of context hierarchy
16-Feb-2024 14:28:42.511 INFO [main] org.springframework.web.servlet.DispatcherServlet.initServletBean FrameworkServlet 'spring': initialization completed in 2229 ms
16-Feb-2024 14:28:42.532 INFO [main] org.apache.catalina.startup.HostConfig.deployDescriptor Deployment of deployment descriptor [C:\Users\vigne\Documents\Javaproject\batch33-springmvc\conf\Catalina\localhost\springmvc.xml] has finished in [4,792] ms
16-Feb-2024 14:28:42.538 INFO [main] org.apache.coyote.AbstractProtocol.start Starting ProtocolHandler ["http-nio-8080"]
16-Feb-2024 14:28:42.578 INFO [main] org.apache.catalina.startup.Catalina.start Server startup in [4951] milliseconds
